c:\users\евгений\desktop\sev-2019\debug\vc142.pdb
c:\users\евгений\desktop\sev-2019\debug\vc142.idb
c:\users\евгений\desktop\sev-2019\debug\stdafx.obj
c:\users\евгений\desktop\sev-2019\debug\sa.obj
c:\users\евгений\desktop\sev-2019\debug\pn.obj
c:\users\евгений\desktop\sev-2019\debug\parm.obj
c:\users\евгений\desktop\sev-2019\debug\mfst.obj
c:\users\евгений\desktop\sev-2019\debug\main.obj
c:\users\евгений\desktop\sev-2019\debug\lt.obj
c:\users\евгений\desktop\sev-2019\debug\log.obj
c:\users\евгений\desktop\sev-2019\debug\lexanalys.obj
c:\users\евгений\desktop\sev-2019\debug\it.obj
c:\users\евгений\desktop\sev-2019\debug\in.obj
c:\users\евгений\desktop\sev-2019\debug\greibach.obj
c:\users\евгений\desktop\sev-2019\debug\generation.obj
c:\users\евгений\desktop\sev-2019\debug\fst.obj
c:\users\евгений\desktop\sev-2019\debug\error.obj
c:\users\евгений\desktop\sev-2019\debug\sev-2019.ilk
c:\users\евгений\desktop\sev-2019\debug\sev-2019.exe
c:\users\евгений\desktop\sev-2019\debug\sev-2019.pdb
c:\users\евгений\desktop\sev-2019\debug\sev-2019.tlog\cl.command.1.tlog
c:\users\евгений\desktop\sev-2019\debug\sev-2019.tlog\cl.read.1.tlog
c:\users\евгений\desktop\sev-2019\debug\sev-2019.tlog\cl.write.1.tlog
c:\users\евгений\desktop\sev-2019\debug\sev-2019.tlog\link-cvtres.read.1.tlog
c:\users\евгений\desktop\sev-2019\debug\sev-2019.tlog\link-cvtres.write.1.tlog
c:\users\евгений\desktop\sev-2019\debug\sev-2019.tlog\link-rc.read.1.tlog
c:\users\евгений\desktop\sev-2019\debug\sev-2019.tlog\link-rc.write.1.tlog
c:\users\евгений\desktop\sev-2019\debug\sev-2019.tlog\link.9108-cvtres.read.1.tlog
c:\users\евгений\desktop\sev-2019\debug\sev-2019.tlog\link.9108-cvtres.write.1.tlog
c:\users\евгений\desktop\sev-2019\debug\sev-2019.tlog\link.9108-rc.read.1.tlog
c:\users\евгений\desktop\sev-2019\debug\sev-2019.tlog\link.9108-rc.write.1.tlog
c:\users\евгений\desktop\sev-2019\debug\sev-2019.tlog\link.9108.read.1.tlog
c:\users\евгений\desktop\sev-2019\debug\sev-2019.tlog\link.9108.write.1.tlog
c:\users\евгений\desktop\sev-2019\debug\sev-2019.tlog\link.command.1.tlog
c:\users\евгений\desktop\sev-2019\debug\sev-2019.tlog\link.read.1.tlog
c:\users\евгений\desktop\sev-2019\debug\sev-2019.tlog\link.write.1.tlog
